<?xml version="1.0" encoding="UTF-8"?>
<!-- Generated by org.testng.reporters.JUnitReportReporter -->
<testsuite hostname="LAPTOP-LCQ8NFSJ" failures="0" tests="3" name="Term.ViewListTerm" time="35.092" errors="0" timestamp="2024-04-09T18:33:28 HOVT" skipped="0">
  <testcase classname="Term.ViewListTerm" name="loginTest" time="28.384"/>
  <system-out/>
  <testcase classname="Term.ViewListTerm" name="TruyCap_HocKy" time="2.255"/>
  <system-out/>
  <testcase classname="Term.ViewListTerm" name="HienThiDuLieu" time="4.453"/>
  <system-out/>
</testsuite> <!-- Term.ViewListTerm -->
