<?xml version="1.0" encoding="UTF-8"?>
<!-- Generated by org.testng.reporters.JUnitReportReporter -->
<testsuite hostname="LAPTOP-LCQ8NFSJ" failures="0" tests="1" name="AutoTest.DangNhap" time="27.308" errors="0" timestamp="2024-04-02T19:24:27 HOVT" skipped="0">
  <testcase classname="AutoTest.DangNhap" name="loginTest" time="27.308"/>
  <system-out/>
</testsuite> <!-- AutoTest.DangNhap -->
