<?xml version="1.0" encoding="UTF-8"?>
<!-- Generated by org.testng.reporters.JUnitReportReporter -->
<testsuite hostname="LAPTOP-LCQ8NFSJ" failures="0" tests="2" name="AutoTest.DangXuat" time="35.369" errors="0" timestamp="2024-03-22T22:42:10 HOVT" skipped="0">
  <testcase classname="AutoTest.DangXuat" name="loginTest" time="27.478"/>
  <system-out/>
  <testcase classname="AutoTest.DangXuat" name="Logout" time="7.891"/>
  <system-out/>
</testsuite> <!-- AutoTest.DangXuat -->
