<?xml version="1.0" encoding="UTF-8"?>
<!-- Generated by org.testng.reporters.JUnitReportReporter -->
<testsuite hostname="LAPTOP-LCQ8NFSJ" failures="0" tests="2" name="HomePage.UpdateUserProfile" time="34.799" errors="0" timestamp="2024-04-02T22:23:46 HOVT" skipped="0">
  <testcase classname="HomePage.UpdateUserProfile" name="loginTest" time="27.771"/>
  <system-out/>
  <testcase classname="HomePage.UpdateUserProfile" name="updateUser" time="7.028"/>
  <system-out/>
</testsuite> <!-- HomePage.UpdateUserProfile -->
