<?xml version="1.0" encoding="UTF-8"?>
<!-- Generated by org.testng.reporters.JUnitReportReporter -->
<testsuite hostname="LAPTOP-LCQ8NFSJ" failures="0" tests="4" name="Function.HocKy" time="49.818" errors="0" timestamp="2024-03-28T23:45:59 HOVT" skipped="0">
  <testcase classname="Function.HocKy" name="loginTest" time="30.781"/>
  <system-out/>
  <testcase classname="Function.HocKy" name="TruyCap_HocKy" time="3.441"/>
  <system-out/>
  <testcase classname="Function.HocKy" name="HienThiDuLieu" time="4.476"/>
  <system-out/>
  <testcase classname="Function.HocKy" name="ThemHocKy" time="11.120"/>
  <system-out/>
</testsuite> <!-- Function.HocKy -->
