<?xml version="1.0" encoding="UTF-8"?>
<!-- Generated by org.testng.reporters.JUnitReportReporter -->
<testsuite hostname="LAPTOP-LCQ8NFSJ" failures="0" tests="2" name="HomePage.SlideBar" time="28.961" errors="0" timestamp="2024-04-05T13:39:06 HOVT" skipped="0">
  <testcase classname="HomePage.SlideBar" name="loginTest" time="28.870"/>
  <system-out/>
  <testcase classname="HomePage.SlideBar" name="toggleSlideBar" time="0.091"/>
  <system-out/>
</testsuite> <!-- HomePage.SlideBar -->
