<?xml version="1.0" encoding="UTF-8"?>
<!-- Generated by org.testng.reporters.JUnitReportReporter -->
<testsuite hostname="LAPTOP-LCQ8NFSJ" failures="0" tests="3" name="Term.AddTerm" time="49.210" errors="0" timestamp="2024-04-09T18:08:03 HOVT" skipped="0">
  <testcase classname="Term.AddTerm" name="loginTest" time="29.509"/>
  <system-out/>
  <testcase classname="Term.AddTerm" name="TruyCap_HocKy" time="3.334"/>
  <system-out/>
  <testcase classname="Term.AddTerm" name="ThemHocKy" time="16.367"/>
  <system-out/>
</testsuite> <!-- Term.AddTerm -->
