<?xml version="1.0" encoding="UTF-8"?>
<!-- Generated by org.testng.reporters.JUnitReportReporter -->
<testsuite hostname="LAPTOP-LCQ8NFSJ" failures="0" tests="2" name="AutoTest.DoiMauNen" time="32.208" errors="0" timestamp="2024-03-22T22:06:13 HOVT" skipped="0">
  <testcase classname="AutoTest.DoiMauNen" name="loginTest" time="27.915"/>
  <system-out/>
  <testcase classname="AutoTest.DoiMauNen" name="Backgroundcolour" time="4.293"/>
  <system-out/>
</testsuite> <!-- AutoTest.DoiMauNen -->
