<?xml version="1.0" encoding="UTF-8"?>
<!-- Generated by org.testng.reporters.JUnitReportReporter -->
<testsuite hostname="LAPTOP-LCQ8NFSJ" failures="0" tests="3" name="Term.UpdateStatusTerm" time="42.044" errors="0" timestamp="2024-04-09T18:49:25 HOVT" skipped="0">
  <testcase classname="Term.UpdateStatusTerm" name="loginTest" time="33.129"/>
  <system-out/>
  <testcase classname="Term.UpdateStatusTerm" name="KiemHocKy" time="4.607"/>
  <system-out/>
  <testcase classname="Term.UpdateStatusTerm" name="TrangThaiHocKy" time="4.308"/>
  <system-out/>
</testsuite> <!-- Term.UpdateStatusTerm -->
