<?xml version="1.0" encoding="UTF-8"?>
<!-- Generated by org.testng.reporters.JUnitReportReporter -->
<testsuite hostname="LAPTOP-LCQ8NFSJ" failures="0" tests="3" name="Term.DeleteTerm" time="41.994" errors="0" timestamp="2024-04-09T19:09:30 HOVT" skipped="0">
  <testcase classname="Term.DeleteTerm" name="loginTest" time="31.173"/>
  <system-out/>
  <testcase classname="Term.DeleteTerm" name="KiemHocKy" time="4.587"/>
  <system-out/>
  <testcase classname="Term.DeleteTerm" name="XoaHocKy" time="6.234"/>
  <system-out/>
</testsuite> <!-- Term.DeleteTerm -->
