<?xml version="1.0" encoding="UTF-8"?>
<!-- Generated by org.testng.reporters.JUnitReportReporter -->
<testsuite hostname="LAPTOP-LCQ8NFSJ" failures="0" tests="3" name="AutoTest.UpdateTerm" time="44.897" errors="0" timestamp="2024-03-30T12:59:34 HOVT" skipped="0">
  <testcase classname="AutoTest.UpdateTerm" name="loginTest" time="27.227"/>
  <system-out/>
  <testcase classname="AutoTest.UpdateTerm" name="KiemHocKy" time="4.487"/>
  <system-out/>
  <testcase classname="AutoTest.UpdateTerm" name="CapNhatHocKy" time="13.183"/>
  <system-out/>
</testsuite> <!-- AutoTest.UpdateTerm -->
