<?xml version="1.0" encoding="UTF-8"?>
<!-- Generated by org.testng.reporters.JUnitReportReporter -->
<testsuite hostname="LAPTOP-LCQ8NFSJ" failures="0" tests="2" name="AutoTest.updateUser" time="36.196" errors="0" timestamp="2024-03-22T22:21:54 HOVT" skipped="0">
  <testcase classname="AutoTest.updateUser" name="loginTest" time="28.795"/>
  <system-out/>
  <testcase classname="AutoTest.updateUser" name="updateUser" time="7.401"/>
  <system-out/>
</testsuite> <!-- AutoTest.updateUser -->
