<?xml version="1.0" encoding="UTF-8"?>
<!-- Generated by org.testng.reporters.JUnitReportReporter -->
<testsuite hostname="LAPTOP-LCQ8NFSJ" failures="0" tests="2" name="Term.SearchTerm" time="37.490" errors="0" timestamp="2024-04-09T18:28:04 HOVT" skipped="0">
  <testcase classname="Term.SearchTerm" name="loginTest" time="32.855"/>
  <system-out/>
  <testcase classname="Term.SearchTerm" name="KiemHocKy" time="4.635"/>
  <system-out/>
</testsuite> <!-- Term.SearchTerm -->
