<?xml version="1.0" encoding="UTF-8"?>
<!-- Generated by org.testng.reporters.JUnitReportReporter -->
<testsuite hostname="LAPTOP-LCQ8NFSJ" failures="0" tests="2" name="AutoTest.TimHocKy" time="35.848" errors="0" timestamp="2024-03-29T18:14:05 HOVT" skipped="0">
  <testcase classname="AutoTest.TimHocKy" name="loginTest" time="33.167"/>
  <system-out/>
  <testcase classname="AutoTest.TimHocKy" name="KiemHocKy" time="2.681"/>
  <system-out/>
</testsuite> <!-- AutoTest.TimHocKy -->
