<?xml version="1.0" encoding="UTF-8"?>
<!-- Generated by org.testng.reporters.JUnitReportReporter -->
<testsuite hostname="LAPTOP-LCQ8NFSJ" failures="0" tests="2" name="AutoTest.CheDoManHinh" time="31.105" errors="0" timestamp="2024-03-22T21:55:09 HOVT" skipped="0">
  <testcase classname="AutoTest.CheDoManHinh" name="loginTest" time="26.679"/>
  <system-out/>
  <testcase classname="AutoTest.CheDoManHinh" name="screenModeTest" time="4.426"/>
  <system-out/>
</testsuite> <!-- AutoTest.CheDoManHinh -->
