<?xml version="1.0" encoding="UTF-8"?>
<!-- Generated by org.testng.reporters.JUnitReportReporter -->
<testsuite hostname="LAPTOP-LCQ8NFSJ" failures="0" tests="3" name="Term.UpdateTerm" time="44.721" errors="0" timestamp="2024-04-09T18:43:39 HOVT" skipped="0">
  <testcase classname="Term.UpdateTerm" name="loginTest" time="27.105"/>
  <system-out/>
  <testcase classname="Term.UpdateTerm" name="KiemHocKy" time="4.485"/>
  <system-out/>
  <testcase classname="Term.UpdateTerm" name="CapNhatHocKy" time="13.131"/>
  <system-out/>
</testsuite> <!-- Term.UpdateTerm -->
